<?xml version="1.0" encoding="UTF-8"?>
<!-- Generated by org.testng.reporters.JUnitReportReporter -->
<testsuite hostname="DESKTOP-E69K95O" name="sauceDemoTests.loginvalidation" tests="2" failures="0" timestamp="12 Jun 2022 16:17:00 GMT" time="4.816" errors="0">
  <testcase name="successfulLogin" time="2.438" classname="sauceDemoTests.loginvalidation"/>
  <testcase name="unsuccessfulLogin" time="2.378" classname="sauceDemoTests.loginvalidation"/>
</testsuite> <!-- sauceDemoTests.loginvalidation -->
