<?xml version="1.0" encoding="UTF-8"?>
<!-- Generated by org.testng.reporters.JUnitReportReporter -->
<testsuite hostname="DESKTOP-E69K95O" name="sauceDemoTests.loginDataDriven" tests="8" failures="0" timestamp="18 Jun 2022 14:23:10 GMT" time="15.390" errors="0">
  <testcase name="LoginDataTest" time="1.246" classname="sauceDemoTests.loginDataDriven"/>
  <testcase name="LoginDataTest" time="1.279" classname="sauceDemoTests.loginDataDriven"/>
  <testcase name="LoginDataTest" time="1.352" classname="sauceDemoTests.loginDataDriven"/>
  <testcase name="LoginDataTest" time="1.357" classname="sauceDemoTests.loginDataDriven"/>
  <testcase name="LoginDataTest" time="1.259" classname="sauceDemoTests.loginDataDriven"/>
  <testcase name="LoginDataTest" time="1.265" classname="sauceDemoTests.loginDataDriven"/>
  <testcase name="LoginDataTest" time="1.274" classname="sauceDemoTests.loginDataDriven"/>
  <testcase name="LoginDataTest" time="6.358" classname="sauceDemoTests.loginDataDriven"/>
</testsuite> <!-- sauceDemoTests.loginDataDriven -->
