<?xml version="1.0" encoding="UTF-8"?>
<!-- Generated by org.testng.reporters.JUnitReportReporter -->
<testsuite hostname="DESKTOP-E69K95O" name="sauceDemoTests.loginvalidation" tests="2" failures="0" timestamp="18 Jun 2022 14:18:50 GMT" time="4.866" errors="0">
  <testcase name="successfulLogin" time="2.471" classname="sauceDemoTests.loginvalidation"/>
  <testcase name="unsuccessfulLogin" time="2.395" classname="sauceDemoTests.loginvalidation"/>
</testsuite> <!-- sauceDemoTests.loginvalidation -->
