<?xml version="1.0" encoding="UTF-8"?>
<!-- Generated by org.testng.reporters.JUnitReportReporter -->
<testsuite hostname="DESKTOP-E69K95O" name="sauceDemoTests.loginDataDriven" tests="7" failures="0" timestamp="12 Jun 2022 17:40:38 GMT" time="14.216" errors="0">
  <testcase name="LoginDataTest" time="1.267" classname="sauceDemoTests.loginDataDriven"/>
  <testcase name="LoginDataTest" time="1.254" classname="sauceDemoTests.loginDataDriven"/>
  <testcase name="LoginDataTest" time="6.434" classname="sauceDemoTests.loginDataDriven"/>
  <testcase name="LoginDataTest" time="1.318" classname="sauceDemoTests.loginDataDriven"/>
  <testcase name="LoginDataTest" time="1.270" classname="sauceDemoTests.loginDataDriven"/>
  <testcase name="LoginDataTest" time="1.395" classname="sauceDemoTests.loginDataDriven"/>
  <testcase name="LoginDataTest" time="1.278" classname="sauceDemoTests.loginDataDriven"/>
</testsuite> <!-- sauceDemoTests.loginDataDriven -->
