<?xml version="1.0" encoding="UTF-8"?>
<!-- Generated by org.testng.reporters.JUnitReportReporter -->
<testsuite hostname="DESKTOP-E69K95O" name="Templates.NGTemplateTwo" tests="2" failures="0" timestamp="18 Jun 2022 14:18:50 GMT" time="0.002" errors="0">
  <testcase name="validateLoginElement" time="0.001" classname="Templates.NGTemplateTwo"/>
  <testcase name="validatelogin" time="0.001" classname="Templates.NGTemplateTwo"/>
</testsuite> <!-- Templates.NGTemplateTwo -->
