<?xml version="1.0" encoding="UTF-8"?>
<!-- Generated by org.testng.reporters.JUnitReportReporter -->
<testsuite hostname="DESKTOP-E69K95O" name="sauceDemoTests.loginvalidation" tests="2" failures="0" timestamp="19 Jun 2022 17:10:52 GMT" time="14.666" errors="0">
  <testcase name="successfulLogin" time="12.340" classname="sauceDemoTests.loginvalidation"/>
  <testcase name="unsuccessfulLogin" time="2.326" classname="sauceDemoTests.loginvalidation"/>
</testsuite> <!-- sauceDemoTests.loginvalidation -->
