<?xml version="1.0" encoding="UTF-8"?>
<!-- Generated by org.testng.reporters.JUnitReportReporter -->
<testsuite hostname="DESKTOP-E69K95O" name="sauceDemoTests.sauceDemoEndtoEnd" tests="4" failures="0" timestamp="12 Jun 2022 16:17:00 GMT" time="1.109" errors="0">
  <testcase name="loginTest" time="0.350" classname="sauceDemoTests.sauceDemoEndtoEnd"/>
  <testcase name="completeCheckout" time="0.074" classname="sauceDemoTests.sauceDemoEndtoEnd"/>
  <testcase name="buyerInfoValidation" time="0.488" classname="sauceDemoTests.sauceDemoEndtoEnd"/>
  <testcase name="addCartValidation" time="0.197" classname="sauceDemoTests.sauceDemoEndtoEnd"/>
</testsuite> <!-- sauceDemoTests.sauceDemoEndtoEnd -->
