<?xml version="1.0" encoding="UTF-8"?>
<!-- Generated by org.testng.reporters.JUnitReportReporter -->
<testsuite hostname="DESKTOP-E69K95O" name="sauceDemoTests.loginvalidation" tests="2" failures="0" timestamp="11 Jun 2022 17:28:30 GMT" time="4.873" errors="0">
  <testcase name="successfulLogin" time="2.505" classname="sauceDemoTests.loginvalidation"/>
  <testcase name="unsuccessfulLogin" time="2.368" classname="sauceDemoTests.loginvalidation"/>
</testsuite> <!-- sauceDemoTests.loginvalidation -->
