<?xml version="1.0" encoding="UTF-8"?>
<!-- Generated by org.testng.reporters.JUnitReportReporter -->
<testsuite hostname="DESKTOP-E69K95O" name="Templates.NGTemplateTwo" tests="2" failures="0" timestamp="12 Jun 2022 16:17:00 GMT" time="0.001" errors="0">
  <testcase name="validateLoginElement" time="0.000" classname="Templates.NGTemplateTwo"/>
  <testcase name="validatelogin" time="0.001" classname="Templates.NGTemplateTwo"/>
</testsuite> <!-- Templates.NGTemplateTwo -->
