<?xml version="1.0" encoding="UTF-8"?>
<!-- Generated by org.testng.reporters.JUnitReportReporter -->
<testsuite hostname="DESKTOP-E69K95O" name="Templates.NGTemplateOne" tests="1" failures="0" timestamp="11 Jun 2022 18:01:54 GMT" time="0.005" errors="0">
  <testcase name="mainTest" time="0.005" classname="Templates.NGTemplateOne"/>
</testsuite> <!-- Templates.NGTemplateOne -->
