<?xml version="1.0" encoding="UTF-8"?>
<!-- Generated by org.testng.reporters.JUnitReportReporter -->
<testsuite hostname="DESKTOP-E69K95O" name="sauceDemoTests.sauceDemoEndtoEnd" tests="4" failures="0" timestamp="18 Jun 2022 14:18:50 GMT" time="0.980" errors="0">
  <testcase name="loginTest" time="0.313" classname="sauceDemoTests.sauceDemoEndtoEnd"/>
  <testcase name="completeCheckout" time="0.078" classname="sauceDemoTests.sauceDemoEndtoEnd"/>
  <testcase name="buyerInfoValidation" time="0.410" classname="sauceDemoTests.sauceDemoEndtoEnd"/>
  <testcase name="addCartValidation" time="0.179" classname="sauceDemoTests.sauceDemoEndtoEnd"/>
</testsuite> <!-- sauceDemoTests.sauceDemoEndtoEnd -->
